<?xml version="1.0" encoding="UTF-8"?>
<!-- Generated by org.testng.reporters.JUnitXMLReporter -->
<testsuite ignored="0" hostname="JAMUNA" failures="0" tests="3" name="Test" time="41.321" errors="0" timestamp="2022-10-23T12:46:53 IST">
  <testcase classname="com.mypro.Test.IndexTest" name="verifyLogo" time="0.117"/>
  <testcase classname="com.mypro.Test.IndexTest" name="verifyTitle" time="0.009"/>
  <testcase classname="com.mypro.Test.LoginPageTest" name="loginTest" time="5.388"/>
</testsuite> <!-- Test -->
