<?xml version="1.0" encoding="UTF-8"?>
<testng-results ignored="0" total="1" passed="1" failed="0" skipped="0">
  <reporter-output>
  </reporter-output>
  <suite started-at="2022-10-17T23:11:23 IST" name="Suite" finished-at="2022-10-17T23:11:45 IST" duration-ms="21231">
    <groups>
    </groups>
    <test started-at="2022-10-17T23:11:23 IST" name="Test" finished-at="2022-10-17T23:11:45 IST" duration-ms="21231">
      <class name="com.mypro.Test.LoginPageTest">
        <test-method is-config="true" signature="setup()[pri:0, instance:com.mypro.Test.LoginPageTest@32eff876]" started-at="2022-10-17T23:11:24 IST" name="setup" finished-at="2022-10-17T23:11:33 IST" duration-ms="8891" status="PASS">
          <reporter-output>
          </reporter-output>
        </test-method> <!-- setup -->
        <test-method signature="loginTest2(java.lang.String,java.lang.String)[pri:0, instance:com.mypro.Test.LoginPageTest@32eff876]" started-at="2022-10-17T23:11:33 IST" name="loginTest2" data-provider="signInTest" finished-at="2022-10-17T23:11:44 IST" duration-ms="11276" status="PASS">
          <params>
            <param index="0">
              <value>
                <![CDATA[admin1a2a@gmail.com]]>
              </value>
            </param>
            <param index="1">
              <value>
                <![CDATA[123456.0]]>
              </value>
            </param>
          </params>
          <reporter-output>
          </reporter-output>
        </test-method> <!-- loginTest2 -->
        <test-method is-config="true" signature="teardown()[pri:0, instance:com.mypro.Test.LoginPageTest@32eff876]" started-at="2022-10-17T23:11:44 IST" name="teardown" finished-at="2022-10-17T23:11:45 IST" duration-ms="148" status="PASS">
          <reporter-output>
          </reporter-output>
        </test-method> <!-- teardown -->
      </class> <!-- com.mypro.Test.LoginPageTest -->
    </test> <!-- Test -->
  </suite> <!-- Suite -->
</testng-results>
