<?xml version="1.0" encoding="UTF-8"?>
<testng-results ignored="0" total="3" passed="3" failed="0" skipped="0">
  <reporter-output>
  </reporter-output>
  <suite started-at="2022-10-23T12:46:12 IST" name="Suite" finished-at="2022-10-23T12:46:53 IST" duration-ms="41321">
    <groups>
      <group name="smoke">
        <method signature="IndexTest.verifyLogo()[pri:0, instance:com.mypro.Test.IndexTest@957e06]" name="verifyLogo" class="com.mypro.Test.IndexTest"/>
        <method signature="IndexTest.verifyTitle()[pri:0, instance:com.mypro.Test.IndexTest@957e06]" name="verifyTitle" class="com.mypro.Test.IndexTest"/>
        <method signature="LoginPageTest.loginTest()[pri:0, instance:com.mypro.Test.LoginPageTest@4d154ccd]" name="loginTest" class="com.mypro.Test.LoginPageTest"/>
      </group> <!-- smoke -->
    </groups>
    <test started-at="2022-10-23T12:46:12 IST" name="Test" finished-at="2022-10-23T12:46:53 IST" duration-ms="41321">
      <class name="com.mypro.Test.IndexTest">
        <test-method is-config="true" signature="setup()[pri:0, instance:com.mypro.Test.IndexTest@957e06]" started-at="2022-10-23T12:46:12 IST" name="setup" finished-at="2022-10-23T12:46:27 IST" duration-ms="15186" status="PASS">
          <reporter-output>
          </reporter-output>
        </test-method> <!-- setup -->
        <test-method signature="verifyLogo()[pri:0, instance:com.mypro.Test.IndexTest@957e06]" started-at="2022-10-23T12:46:27 IST" name="verifyLogo" finished-at="2022-10-23T12:46:27 IST" duration-ms="117" status="PASS">
          <reporter-output>
          </reporter-output>
        </test-method> <!-- verifyLogo -->
        <test-method is-config="true" signature="teardown()[pri:0, instance:com.mypro.Test.IndexTest@957e06]" started-at="2022-10-23T12:46:27 IST" name="teardown" finished-at="2022-10-23T12:46:27 IST" duration-ms="144" status="PASS">
          <reporter-output>
          </reporter-output>
        </test-method> <!-- teardown -->
        <test-method is-config="true" signature="setup()[pri:0, instance:com.mypro.Test.IndexTest@957e06]" started-at="2022-10-23T12:46:27 IST" name="setup" finished-at="2022-10-23T12:46:36 IST" duration-ms="8938" status="PASS">
          <reporter-output>
          </reporter-output>
        </test-method> <!-- setup -->
        <test-method signature="verifyTitle()[pri:0, instance:com.mypro.Test.IndexTest@957e06]" started-at="2022-10-23T12:46:36 IST" name="verifyTitle" finished-at="2022-10-23T12:46:36 IST" duration-ms="9" status="PASS">
          <reporter-output>
          </reporter-output>
        </test-method> <!-- verifyTitle -->
        <test-method is-config="true" signature="teardown()[pri:0, instance:com.mypro.Test.IndexTest@957e06]" started-at="2022-10-23T12:46:36 IST" name="teardown" finished-at="2022-10-23T12:46:36 IST" duration-ms="151" status="PASS">
          <reporter-output>
          </reporter-output>
        </test-method> <!-- teardown -->
      </class> <!-- com.mypro.Test.IndexTest -->
      <class name="com.mypro.Test.LoginPageTest">
        <test-method is-config="true" signature="setup()[pri:0, instance:com.mypro.Test.LoginPageTest@4d154ccd]" started-at="2022-10-23T12:46:36 IST" name="setup" finished-at="2022-10-23T12:46:47 IST" duration-ms="11166" status="PASS">
          <reporter-output>
          </reporter-output>
        </test-method> <!-- setup -->
        <test-method signature="loginTest()[pri:0, instance:com.mypro.Test.LoginPageTest@4d154ccd]" started-at="2022-10-23T12:46:47 IST" name="loginTest" finished-at="2022-10-23T12:46:53 IST" duration-ms="5388" status="PASS">
          <reporter-output>
          </reporter-output>
        </test-method> <!-- loginTest -->
        <test-method is-config="true" signature="teardown()[pri:0, instance:com.mypro.Test.LoginPageTest@4d154ccd]" started-at="2022-10-23T12:46:53 IST" name="teardown" finished-at="2022-10-23T12:46:53 IST" duration-ms="184" status="PASS">
          <reporter-output>
          </reporter-output>
        </test-method> <!-- teardown -->
      </class> <!-- com.mypro.Test.LoginPageTest -->
    </test> <!-- Test -->
  </suite> <!-- Suite -->
</testng-results>
